kotlin version: 2.0.21
error message: org.jetbrains.kotlin.backend.common.BackendException: Backend Internal error: Exception during IR lowering
File being compiled: C:/Users/KimDaehan/StudioProjects/1014_app_first/app/src/main/java/com/example/myapplication/smarthelmet/ui/RearDetectionOverlayView.kt
The root cause java.lang.NullPointerException was thrown at: java.base/java.util.ArrayList$Itr.hasNext(Unknown Source)
	at org.jetbrains.kotlin.backend.common.CodegenUtil.reportBackendException(CodegenUtil.kt:253)
	at org.jetbrains.kotlin.backend.common.CodegenUtil.reportBackendException$default(CodegenUtil.kt:236)
	at org.jetbrains.kotlin.backend.common.phaser.PerformByIrFilePhase.invokeSequential(performByIrFile.kt:65)
	at org.jetbrains.kotlin.backend.common.phaser.PerformByIrFilePhase.invoke(performByIrFile.kt:52)
	at org.jetbrains.kotlin.backend.common.phaser.PerformByIrFilePhase.invoke(performByIrFile.kt:38)
	at org.jetbrains.kotlin.backend.common.phaser.NamedCompilerPhase.phaseBody(CompilerPhase.kt:166)
	at org.jetbrains.kotlin.backend.common.phaser.AbstractNamedCompilerPhase.invoke(CompilerPhase.kt:113)
	at org.jetbrains.kotlin.backend.common.phaser.CompositePhase.invoke(PhaseBuilders.kt:27)
	at org.jetbrains.kotlin.backend.common.phaser.CompositePhase.invoke(PhaseBuilders.kt:14)
	at org.jetbrains.kotlin.backend.common.phaser.NamedCompilerPhase.phaseBody(CompilerPhase.kt:166)
	at org.jetbrains.kotlin.backend.common.phaser.AbstractNamedCompilerPhase.invoke(CompilerPhase.kt:113)
	at org.jetbrains.kotlin.backend.common.phaser.CompilerPhaseKt.invokeToplevel(CompilerPhase.kt:62)
	at org.jetbrains.kotlin.backend.jvm.JvmIrCodegenFactory.invokeLowerings(JvmIrCodegenFactory.kt:358)
	at org.jetbrains.kotlin.codegen.CodegenFactory.generateModule(CodegenFactory.kt:46)
	at org.jetbrains.kotlin.codegen.KotlinCodegenFacade.compileCorrectFiles(KotlinCodegenFacade.java:45)
	at org.jetbrains.kotlin.kapt3.AbstractKapt3Extension.contextForStubGeneration(Kapt3Extension.kt:253)
	at org.jetbrains.kotlin.kapt3.AbstractKapt3Extension.analysisCompleted(Kapt3Extension.kt:149)
	at org.jetbrains.kotlin.kapt3.ClasspathBasedKapt3Extension.analysisCompleted(Kapt3Extension.kt:79)
	at org.jetbrains.kotlin.cli.jvm.compiler.TopDownAnalyzerFacadeForJVM.analyzeFilesWithJavaIntegration$invokeExtensionsOnAnalysisComplete(TopDownAnalyzerFacadeForJVM.kt:104)
	at org.jetbrains.kotlin.cli.jvm.compiler.TopDownAnalyzerFacadeForJVM.analyzeFilesWithJavaIntegration(TopDownAnalyzerFacadeForJVM.kt:114)
	at org.jetbrains.kotlin.cli.jvm.compiler.TopDownAnalyzerFacadeForJVM.analyzeFilesWithJavaIntegration$default(TopDownAnalyzerFacadeForJVM.kt:75)
	at org.jetbrains.kotlin.cli.jvm.compiler.KotlinToJVMBytecodeCompiler.analyze$lambda$12(KotlinToJVMBytecodeCompiler.kt:373)
	at org.jetbrains.kotlin.cli.common.messages.AnalyzerWithCompilerReport.analyzeAndReport(AnalyzerWithCompilerReport.kt:112)
	at org.jetbrains.kotlin.cli.jvm.compiler.KotlinToJVMBytecodeCompiler.analyze(KotlinToJVMBytecodeCompiler.kt:364)
	at org.jetbrains.kotlin.cli.jvm.compiler.KotlinToJVMBytecodeCompiler.runFrontendAndGenerateIrUsingClassicFrontend(KotlinToJVMBytecodeCompiler.kt:195)
	at org.jetbrains.kotlin.cli.jvm.compiler.KotlinToJVMBytecodeCompiler.compileModules$cli(KotlinToJVMBytecodeCompiler.kt:106)
	at org.jetbrains.kotlin.cli.jvm.K2JVMCompiler.doExecute(K2JVMCompiler.kt:170)
	at org.jetbrains.kotlin.cli.jvm.K2JVMCompiler.doExecute(K2JVMCompiler.kt:43)
	at org.jetbrains.kotlin.cli.common.CLICompiler.execImpl(CLICompiler.kt:103)
	at org.jetbrains.kotlin.cli.common.CLICompiler.execImpl(CLICompiler.kt:49)
	at org.jetbrains.kotlin.cli.common.CLITool.exec(CLITool.kt:101)
	at org.jetbrains.kotlin.cli.common.CLITool.exec(CLITool.kt:79)
	at org.jetbrains.kotlin.cli.common.CLICompiler.execAndOutputXml(CLICompiler.kt:65)
	at java.base/jdk.internal.reflect.DirectMethodHandleAccessor.invoke(Unknown Source)
	at java.base/java.lang.reflect.Method.invoke(Unknown Source)
	at org.jetbrains.kotlin.compilerRunner.GradleKotlinCompilerWork.compileInProcessImpl(GradleKotlinCompilerWork.kt:391)
	at org.jetbrains.kotlin.compilerRunner.GradleKotlinCompilerWork.access$compileInProcessImpl(GradleKotlinCompilerWork.kt:85)
	at org.jetbrains.kotlin.compilerRunner.GradleKotlinCompilerWork$compileInProcess$future$1.call(GradleKotlinCompilerWork.kt:364)
	at org.jetbrains.kotlin.compilerRunner.GradleKotlinCompilerWork$compileInProcess$future$1.call(GradleKotlinCompilerWork.kt:363)
	at java.base/java.util.concurrent.FutureTask.run(Unknown Source)
	at java.base/java.util.concurrent.ThreadPoolExecutor.runWorker(Unknown Source)
	at java.base/java.util.concurrent.ThreadPoolExecutor$Worker.run(Unknown Source)
	at java.base/java.lang.Thread.run(Unknown Source)
Caused by: java.lang.NullPointerException: Cannot read field "size" because "this.this$0" is null
	at java.base/java.util.ArrayList$Itr.hasNext(Unknown Source)
	at org.jetbrains.kotlin.ir.util.TransformKt.transformIfNeeded(transform.kt:116)
	at org.jetbrains.kotlin.ir.declarations.IrFunction.transformChildren(IrFunction.kt:54)
	at org.jetbrains.kotlin.ir.visitors.IrElementTransformer$DefaultImpls.visitDeclaration(IrElementTransformer.kt:27)
	at org.jetbrains.kotlin.backend.jvm.lower.PolymorphicSignatureLowering.visitDeclaration(PolymorphicSignatureLowering.kt:29)
	at org.jetbrains.kotlin.backend.jvm.lower.PolymorphicSignatureLowering.visitDeclaration(PolymorphicSignatureLowering.kt:29)
	at org.jetbrains.kotlin.ir.visitors.IrElementTransformer$DefaultImpls.visitFunction(IrElementTransformer.kt:44)
	at org.jetbrains.kotlin.backend.jvm.lower.PolymorphicSignatureLowering.visitFunction(PolymorphicSignatureLowering.kt:29)
	at org.jetbrains.kotlin.backend.jvm.lower.PolymorphicSignatureLowering.visitFunction(PolymorphicSignatureLowering.kt:29)
	at org.jetbrains.kotlin.ir.visitors.IrElementTransformer$DefaultImpls.visitSimpleFunction(IrElementTransformer.kt:73)
	at org.jetbrains.kotlin.backend.jvm.lower.PolymorphicSignatureLowering.visitSimpleFunction(PolymorphicSignatureLowering.kt:29)
	at org.jetbrains.kotlin.backend.jvm.lower.PolymorphicSignatureLowering.visitSimpleFunction(PolymorphicSignatureLowering.kt:29)
	at org.jetbrains.kotlin.ir.declarations.IrSimpleFunction.accept(IrSimpleFunction.kt:39)
	at org.jetbrains.kotlin.ir.IrElementBase.transform(IrElementBase.kt:33)
	at org.jetbrains.kotlin.ir.util.TransformKt.transformInPlace(transform.kt:35)
	at org.jetbrains.kotlin.ir.declarations.IrClass.transformChildren(IrClass.kt:82)
	at org.jetbrains.kotlin.ir.visitors.IrElementTransformer$DefaultImpls.visitDeclaration(IrElementTransformer.kt:27)
	at org.jetbrains.kotlin.backend.jvm.lower.PolymorphicSignatureLowering.visitDeclaration(PolymorphicSignatureLowering.kt:29)
	at org.jetbrains.kotlin.backend.jvm.lower.PolymorphicSignatureLowering.visitDeclaration(PolymorphicSignatureLowering.kt:29)
	at org.jetbrains.kotlin.ir.visitors.IrElementTransformer$DefaultImpls.visitClass(IrElementTransformer.kt:35)
	at org.jetbrains.kotlin.backend.jvm.lower.PolymorphicSignatureLowering.visitClass(PolymorphicSignatureLowering.kt:29)
	at org.jetbrains.kotlin.backend.jvm.lower.PolymorphicSignatureLowering.visitClass(PolymorphicSignatureLowering.kt:29)
	at org.jetbrains.kotlin.ir.declarations.IrClass.accept(IrClass.kt:72)
	at org.jetbrains.kotlin.ir.IrElementBase.transform(IrElementBase.kt:33)
	at org.jetbrains.kotlin.ir.util.TransformKt.transformInPlace(transform.kt:35)
	at org.jetbrains.kotlin.ir.declarations.IrFile.transformChildren(IrFile.kt:38)
	at org.jetbrains.kotlin.backend.jvm.lower.PolymorphicSignatureLowering.lower(PolymorphicSignatureLowering.kt:37)
	at org.jetbrains.kotlin.backend.common.phaser.PhaseFactoriesKt.createFilePhase$lambda$4(PhaseFactories.kt:71)
	at org.jetbrains.kotlin.backend.common.phaser.PhaseBuildersKt$createSimpleNamedCompilerPhase$1.phaseBody(PhaseBuilders.kt:69)
	at org.jetbrains.kotlin.backend.common.phaser.SimpleNamedCompilerPhase.phaseBody(CompilerPhase.kt:226)
	at org.jetbrains.kotlin.backend.common.phaser.AbstractNamedCompilerPhase.invoke(CompilerPhase.kt:113)
	at org.jetbrains.kotlin.backend.common.phaser.PerformByIrFilePhase.invokeSequential(performByIrFile.kt:62)
	... 40 more


